Loading classifier from: runs/20251013_231658/classifier.model
[iter 0001] loss=0.48498852
[iter 0002] loss=0.50991198
[iter 0003] loss=0.55417475
[iter 0004] loss=0.54831875
[iter 0005] loss=0.53078992
[iter 0006] loss=0.65266482
[iter 0007] loss=0.64168342
[iter 0008] loss=0.55921675
[iter 0009] loss=0.60831133
[iter 0010] loss=0.54665995
[iter 0011] loss=0.51063125
[iter 0012] loss=0.55797436
[iter 0013] loss=0.59844875
[iter 0014] loss=0.48608529
[iter 0015] loss=0.48953464
[iter 0016] loss=0.48639527
[iter 0017] loss=0.53964813
[iter 0018] loss=0.61086608
[iter 0019] loss=0.60024941
[iter 0020] loss=0.54582616
[iter 0021] loss=0.65978083
[iter 0022] loss=0.67519382
[iter 0023] loss=0.52277039
[iter 0024] loss=0.56961743
[iter 0025] loss=0.55346398
[iter 0026] loss=0.64474653
[iter 0027] loss=0.54246923
[iter 0028] loss=0.65439321
[iter 0029] loss=0.61835721
[iter 0030] loss=0.62159186
[iter 0031] loss=0.57792043
[iter 0032] loss=0.51193085
[iter 0033] loss=0.65841672
[iter 0034] loss=0.70572133
[iter 0035] loss=0.51239603
[iter 0036] loss=0.52319900
[iter 0037] loss=0.49752754
[iter 0038] loss=0.48721320
[iter 0039] loss=0.70442767
[iter 0040] loss=0.61888563
[iter 0041] loss=0.48687562
[iter 0042] loss=0.70327028
[iter 0043] loss=0.61936816
[iter 0044] loss=0.48658676
[iter 0045] loss=0.48961918
[iter 0046] loss=0.48640485
[iter 0047] loss=0.48938108
[iter 0048] loss=0.48748748
[iter 0049] loss=0.48744577
[iter 0050] loss=0.57208488
Accuracy from the train data : 97.14%
Accuracy from the test data : 98.33%
Saved classifier to runs/20251013_231658/classifier.model
Saved objective curve to runs/20251013_232807/objective_curve.png
