Loading classifier from: runs/20251013_231658/classifier.model
[iter 0001] loss=0.45755539
[iter 0002] loss=0.45960053
[iter 0003] loss=0.46135913
[iter 0004] loss=0.45850988
[iter 0005] loss=0.46214567
[iter 0006] loss=0.46460783
[iter 0007] loss=0.46246632
[iter 0008] loss=0.46019119
[iter 0009] loss=0.46436562
[iter 0010] loss=0.46057436
[iter 0011] loss=0.45610225
[iter 0012] loss=0.45351296
[iter 0013] loss=0.45063842
[iter 0014] loss=0.44879788
[iter 0015] loss=0.44926970
[iter 0016] loss=0.45088788
[iter 0017] loss=0.45468502
[iter 0018] loss=0.45162916
[iter 0019] loss=0.45343416
[iter 0020] loss=0.45193252
[iter 0021] loss=0.45368419
[iter 0022] loss=0.45931184
[iter 0023] loss=0.45445728
[iter 0024] loss=0.45266979
[iter 0025] loss=0.45158951
[iter 0026] loss=0.45451616
[iter 0027] loss=0.44989964
[iter 0028] loss=0.45216210
[iter 0029] loss=0.45658264
[iter 0030] loss=0.44657443
[iter 0031] loss=0.45177672
[iter 0032] loss=0.44105762
[iter 0033] loss=0.44096977
[iter 0034] loss=0.44949837
[iter 0035] loss=0.44061969
[iter 0036] loss=0.44413350
[iter 0037] loss=0.44013991
[iter 0038] loss=0.43758006
[iter 0039] loss=0.43688898
[iter 0040] loss=0.43645544
[iter 0041] loss=0.43868871
[iter 0042] loss=0.44248195
[iter 0043] loss=0.44048375
[iter 0044] loss=0.43349877
[iter 0045] loss=0.43540393
[iter 0046] loss=0.43374669
[iter 0047] loss=0.43529749
[iter 0048] loss=0.43370783
[iter 0049] loss=0.43451711
[iter 0050] loss=0.43519913
Accuracy from the train data : 97.14%
Accuracy from the test data : 96.67%
Saved classifier to runs/20251013_231658/classifier.model
Saved objective curve to runs/20251013_233147/objective_curve.png
