Loading classifier from: runs/20251013_231658/classifier.model
[iter 0001] loss=0.47374109
[iter 0002] loss=0.50160230
[iter 0003] loss=0.53828207
[iter 0004] loss=0.52978152
[iter 0005] loss=0.52898831
[iter 0006] loss=0.66495155
[iter 0007] loss=0.65788336
[iter 0008] loss=0.55728316
[iter 0009] loss=0.59021771
[iter 0010] loss=0.54834095
[iter 0011] loss=0.49133685
[iter 0012] loss=0.54158207
[iter 0013] loss=0.57461934
[iter 0014] loss=0.47849319
[iter 0015] loss=0.47070308
[iter 0016] loss=0.47780819
[iter 0017] loss=0.52505502
[iter 0018] loss=0.62128466
[iter 0019] loss=0.60513866
[iter 0020] loss=0.52736949
[iter 0021] loss=0.64181648
[iter 0022] loss=0.66398669
[iter 0023] loss=0.50881644
[iter 0024] loss=0.56277497
[iter 0025] loss=0.52581360
[iter 0026] loss=0.60820590
[iter 0027] loss=0.56076962
[iter 0028] loss=0.60540917
[iter 0029] loss=0.59875827
[iter 0030] loss=0.65567350
[iter 0031] loss=0.55189584
[iter 0032] loss=0.51597226
[iter 0033] loss=0.67320494
[iter 0034] loss=0.73749463
[iter 0035] loss=0.51485406
[iter 0036] loss=0.50447813
[iter 0037] loss=0.47759658
[iter 0038] loss=0.47923881
[iter 0039] loss=0.68308124
[iter 0040] loss=0.59657724
[iter 0041] loss=0.47609561
[iter 0042] loss=0.68044197
[iter 0043] loss=0.59901963
[iter 0044] loss=0.47686776
[iter 0045] loss=0.48017531
[iter 0046] loss=0.47815187
[iter 0047] loss=0.47646396
[iter 0048] loss=0.48068227
[iter 0049] loss=0.47777953
[iter 0050] loss=0.56332071
Accuracy from the train data : 97.14%
Accuracy from the test data : 98.33%
Saved classifier to runs/20251013_231658/classifier.model
Saved objective curve to runs/20251013_232917/objective_curve.png
